Removed Parameter LatestRevisionDate:08-Jul-2005 from Part D?
Removed Parameter LatestRevisionDate:17-Jul-2002 from Part Q?
Removed Parameter LatestRevisionDate:17-Jul-2002 from Part Q?
Removed Parameter LatestRevisionDate:17-Jul-2002 from Part K?
Removed Parameter LatestRevisionNote:Mech Layer 1 removed. from Part D?
Removed Parameter LatestRevisionNote:Re-released for DXP Platform. from Part Q?
Removed Parameter LatestRevisionNote:Re-released for DXP Platform. from Part Q?
Removed Parameter LatestRevisionNote:Re-released for DXP Platform. from Part K?
Removed Parameter PackageReference:E3 from Part Q?
Removed Parameter PackageReference:E3 from Part Q?
Removed Parameter PackageReference:LED-1 from Part D?
Removed Parameter PackageReference:MODULE5B from Part K?
Removed Parameter PackageVersion:1995/1996 from Part Q?
Removed Parameter PackageVersion:1995/1996 from Part Q?
Removed Parameter Published:8-Jun-2000 from Part D?
Removed Parameter Published:8-Jun-2000 from Part Q?
Removed Parameter Published:8-Jun-2000 from Part Q?
Removed Parameter Published:24-Mar-1999 from Part K?
Removed Parameter Publisher:Altium Limited from Part D?
Removed Parameter Publisher:Altium Limited from Part Q?
Removed Parameter Publisher:Altium Limited from Part Q?
Removed Parameter Publisher:Altium Limited from Part K?
Added Parameter Manufacturer= to Part D?
Added Parameter Manufacturer= to Part B?
Added Parameter Manufacturer=Vicor to Part 
Added Parameter Manufacturer=Vicor to Part 
Added Parameter PackageDescription= to Part D?
Added Parameter PackageDescription= to Part B?
Added Parameter PartNumber= to Part D?
Added Parameter PartNumber= to Part B?
