Removed Parameter LatestRevisionNote:Mech Layer 1 removed. from Part D?
Removed Parameter LatestRevisionNote:Re-released for DXP Platform. from Part Q?
Removed Parameter LatestRevisionNote:Re-released for DXP Platform. from Part Q?
Removed Parameter LatestRevisionNote:Re-released for DXP Platform. from Part K?
Removed Parameter PackageReference:E3 from Part Q?
Removed Parameter PackageReference:E3 from Part Q?
Removed Parameter PackageReference:LED-1 from Part D?
Removed Parameter PackageReference:MODULE5B from Part K?
Removed Parameter PackageVersion:1995/1996 from Part Q?
Removed Parameter PackageVersion:1995/1996 from Part Q?
Removed Parameter Published:8-Jun-2000 from Part D?
Removed Parameter Published:8-Jun-2000 from Part Q?
Removed Parameter Published:8-Jun-2000 from Part Q?
Removed Parameter Published:24-Mar-1999 from Part K?
Removed Parameter Publisher:Altium Limited from Part D?
Removed Parameter Publisher:Altium Limited from Part Q?
Removed Parameter Publisher:Altium Limited from Part Q?
Removed Parameter Publisher:Altium Limited from Part K?
Added Parameter Manufacturer=Avago to Part D?
Added Parameter Manufacturer=Murata to Part *
Added Parameter Manufacturer=Vicor to Part 
Added Parameter Manufacturer=Vicor to Part 
Added Parameter PartNumber=LFB182G45BG2D280 to Part *
Added Parameter PartNumber= to Part D?
Added Parameter PartNumber= to Part D?
Added Parameter PartNumber= to Part Q?
Added Parameter PartNumber= to Part Q?
Added Parameter PartNumber= to Part K?
Added Parameter PartNumber= to Part 
Added Parameter PartNumber= to Part 
